*** Cannot find timeout command; proceeding without timeouts.
*** Starting wc test.
RequestWrokerId   args:{}  reply:{1 1 success}
RequestWrokerId   args:{}  reply:{2 1 success}
RequestWrokerId   args:{}  reply:{0 1 success}
1 RequestTask   args:{1}  reply:{1 1 [../pg-dorian_gray.txt] 10 1 1 success}
0 RequestTask   args:{0}  reply:{1 2 [../pg-frankenstein.txt] 10 1 1 success}
2 RequestTask   args:{2}  reply:{1 0 [../pg-being_ernest.txt] 10 1 1 success}
2 Result   args:{2 0 [mr-tmp-2-0-0 mr-tmp-2-0-1 mr-tmp-2-0-2 mr-tmp-2-0-3 mr-tmp-2-0-4 mr-tmp-2-0-5 mr-tmp-2-0-6 mr-tmp-2-0-7 mr-tmp-2-0-8 mr-tmp-2-0-9] 1}  reply:{1 1 success}
2 RequestTask   args:{2}  reply:{1 3 [../pg-grimm.txt] 10 1 1 success}
0 Result   args:{0 2 [mr-tmp-0-2-0 mr-tmp-0-2-1 mr-tmp-0-2-2 mr-tmp-0-2-3 mr-tmp-0-2-4 mr-tmp-0-2-5 mr-tmp-0-2-6 mr-tmp-0-2-7 mr-tmp-0-2-8 mr-tmp-0-2-9] 1}  reply:{1 1 success}
0 RequestTask   args:{0}  reply:{1 4 [../pg-huckleberry_finn.txt] 10 1 1 success}
1 Result   args:{1 1 [mr-tmp-1-1-0 mr-tmp-1-1-1 mr-tmp-1-1-2 mr-tmp-1-1-3 mr-tmp-1-1-4 mr-tmp-1-1-5 mr-tmp-1-1-6 mr-tmp-1-1-7 mr-tmp-1-1-8 mr-tmp-1-1-9] 1}  reply:{1 1 success}
1 RequestTask   args:{1}  reply:{1 5 [../pg-metamorphosis.txt] 10 1 1 success}
1 Result   args:{1 5 [mr-tmp-1-5-0 mr-tmp-1-5-1 mr-tmp-1-5-2 mr-tmp-1-5-3 mr-tmp-1-5-4 mr-tmp-1-5-5 mr-tmp-1-5-6 mr-tmp-1-5-7 mr-tmp-1-5-8 mr-tmp-1-5-9] 1}  reply:{1 1 success}
1 RequestTask   args:{1}  reply:{1 6 [../pg-sherlock_holmes.txt] 10 1 1 success}
2 Result   args:{2 3 [mr-tmp-2-3-0 mr-tmp-2-3-1 mr-tmp-2-3-2 mr-tmp-2-3-3 mr-tmp-2-3-4 mr-tmp-2-3-5 mr-tmp-2-3-6 mr-tmp-2-3-7 mr-tmp-2-3-8 mr-tmp-2-3-9] 1}  reply:{1 1 success}
2 RequestTask   args:{2}  reply:{1 7 [../pg-tom_sawyer.txt] 10 1 1 success}
0 Result   args:{0 4 [mr-tmp-0-4-0 mr-tmp-0-4-1 mr-tmp-0-4-2 mr-tmp-0-4-3 mr-tmp-0-4-4 mr-tmp-0-4-5 mr-tmp-0-4-6 mr-tmp-0-4-7 mr-tmp-0-4-8 mr-tmp-0-4-9] 1}  reply:{1 1 success}
0 RequestTask   args:{0}  reply:{2 0 [] 0 0 1 success}
2 Result   args:{2 7 [mr-tmp-2-7-0 mr-tmp-2-7-1 mr-tmp-2-7-2 mr-tmp-2-7-3 mr-tmp-2-7-4 mr-tmp-2-7-5 mr-tmp-2-7-6 mr-tmp-2-7-7 mr-tmp-2-7-8 mr-tmp-2-7-9] 1}  reply:{1 1 success}
2 RequestTask   args:{2}  reply:{2 0 [] 0 0 1 success}
1 Result   args:{1 6 [mr-tmp-1-6-0 mr-tmp-1-6-1 mr-tmp-1-6-2 mr-tmp-1-6-3 mr-tmp-1-6-4 mr-tmp-1-6-5 mr-tmp-1-6-6 mr-tmp-1-6-7 mr-tmp-1-6-8 mr-tmp-1-6-9] 1}  reply:{1 1 success}
1 RequestTask   args:{1}  reply:{1 0 [mr-tmp-2-0-0 mr-tmp-0-2-0 mr-tmp-1-1-0 mr-tmp-1-5-0 mr-tmp-2-3-0 mr-tmp-0-4-0 mr-tmp-2-7-0 mr-tmp-1-6-0] 10 2 1 success}
1 Result   args:{1 0 [mr-out-0] 2}  reply:{1 1 success}
1 RequestTask   args:{1}  reply:{1 1 [mr-tmp-2-0-1 mr-tmp-0-2-1 mr-tmp-1-1-1 mr-tmp-1-5-1 mr-tmp-2-3-1 mr-tmp-0-4-1 mr-tmp-2-7-1 mr-tmp-1-6-1] 10 2 1 success}
1 Result   args:{1 1 [mr-out-1] 2}  reply:{1 1 success}
1 RequestTask   args:{1}  reply:{1 2 [mr-tmp-2-0-2 mr-tmp-0-2-2 mr-tmp-1-1-2 mr-tmp-1-5-2 mr-tmp-2-3-2 mr-tmp-0-4-2 mr-tmp-2-7-2 mr-tmp-1-6-2] 10 2 1 success}
1 Result   args:{1 2 [mr-out-2] 2}  reply:{1 1 success}
1 RequestTask   args:{1}  reply:{1 3 [mr-tmp-2-0-3 mr-tmp-0-2-3 mr-tmp-1-1-3 mr-tmp-1-5-3 mr-tmp-2-3-3 mr-tmp-0-4-3 mr-tmp-2-7-3 mr-tmp-1-6-3] 10 2 1 success}
1 Result   args:{1 3 [mr-out-3] 2}  reply:{1 1 success}
1 RequestTask   args:{1}  reply:{1 4 [mr-tmp-2-0-4 mr-tmp-0-2-4 mr-tmp-1-1-4 mr-tmp-1-5-4 mr-tmp-2-3-4 mr-tmp-0-4-4 mr-tmp-2-7-4 mr-tmp-1-6-4] 10 2 1 success}
1 Result   args:{1 4 [mr-out-4] 2}  reply:{1 1 success}
1 RequestTask   args:{1}  reply:{1 5 [mr-tmp-2-0-5 mr-tmp-0-2-5 mr-tmp-1-1-5 mr-tmp-1-5-5 mr-tmp-2-3-5 mr-tmp-0-4-5 mr-tmp-2-7-5 mr-tmp-1-6-5] 10 2 1 success}
1 Result   args:{1 5 [mr-out-5] 2}  reply:{1 1 success}
1 RequestTask   args:{1}  reply:{1 6 [mr-tmp-2-0-6 mr-tmp-0-2-6 mr-tmp-1-1-6 mr-tmp-1-5-6 mr-tmp-2-3-6 mr-tmp-0-4-6 mr-tmp-2-7-6 mr-tmp-1-6-6] 10 2 1 success}
1 Result   args:{1 6 [mr-out-6] 2}  reply:{1 1 success}
1 RequestTask   args:{1}  reply:{1 7 [mr-tmp-2-0-7 mr-tmp-0-2-7 mr-tmp-1-1-7 mr-tmp-1-5-7 mr-tmp-2-3-7 mr-tmp-0-4-7 mr-tmp-2-7-7 mr-tmp-1-6-7] 10 2 1 success}
1 Result   args:{1 7 [mr-out-7] 2}  reply:{1 1 success}
1 RequestTask   args:{1}  reply:{1 8 [mr-tmp-2-0-8 mr-tmp-0-2-8 mr-tmp-1-1-8 mr-tmp-1-5-8 mr-tmp-2-3-8 mr-tmp-0-4-8 mr-tmp-2-7-8 mr-tmp-1-6-8] 10 2 1 success}
1 Result   args:{1 8 [mr-out-8] 2}  reply:{1 1 success}
1 RequestTask   args:{1}  reply:{1 9 [mr-tmp-2-0-9 mr-tmp-0-2-9 mr-tmp-1-1-9 mr-tmp-1-5-9 mr-tmp-2-3-9 mr-tmp-0-4-9 mr-tmp-2-7-9 mr-tmp-1-6-9] 10 2 1 success}
1 Result   args:{1 9 [mr-out-9] 2}  reply:{3 1 success}
0 RequestTask   args:{0}  reply:{3 0 [] 0 0 1 success}
2 RequestTask   args:{2}  reply:{3 0 [] 0 0 1 success}
--- wc test: PASS
*** Starting indexer test.
RequestWrokerId   args:{}  reply:{1 1 success}
RequestWrokerId   args:{}  reply:{0 1 success}
0 RequestTask   args:{0}  reply:{1 1 [../pg-dorian_gray.txt] 10 1 1 success}
1 RequestTask   args:{1}  reply:{1 0 [../pg-being_ernest.txt] 10 1 1 success}
1 Result   args:{1 0 [mr-tmp-1-0-0 mr-tmp-1-0-1 mr-tmp-1-0-2 mr-tmp-1-0-3 mr-tmp-1-0-4 mr-tmp-1-0-5 mr-tmp-1-0-6 mr-tmp-1-0-7 mr-tmp-1-0-8 mr-tmp-1-0-9] 1}  reply:{1 1 success}
1 RequestTask   args:{1}  reply:{1 2 [../pg-frankenstein.txt] 10 1 1 success}
0 Result   args:{0 1 [mr-tmp-0-1-0 mr-tmp-0-1-1 mr-tmp-0-1-2 mr-tmp-0-1-3 mr-tmp-0-1-4 mr-tmp-0-1-5 mr-tmp-0-1-6 mr-tmp-0-1-7 mr-tmp-0-1-8 mr-tmp-0-1-9] 1}  reply:{1 1 success}
0 RequestTask   args:{0}  reply:{1 3 [../pg-grimm.txt] 10 1 1 success}
1 Result   args:{1 2 [mr-tmp-1-2-0 mr-tmp-1-2-1 mr-tmp-1-2-2 mr-tmp-1-2-3 mr-tmp-1-2-4 mr-tmp-1-2-5 mr-tmp-1-2-6 mr-tmp-1-2-7 mr-tmp-1-2-8 mr-tmp-1-2-9] 1}  reply:{1 1 success}
1 RequestTask   args:{1}  reply:{1 4 [../pg-huckleberry_finn.txt] 10 1 1 success}
0 Result   args:{0 3 [mr-tmp-0-3-0 mr-tmp-0-3-1 mr-tmp-0-3-2 mr-tmp-0-3-3 mr-tmp-0-3-4 mr-tmp-0-3-5 mr-tmp-0-3-6 mr-tmp-0-3-7 mr-tmp-0-3-8 mr-tmp-0-3-9] 1}  reply:{1 1 success}
0 RequestTask   args:{0}  reply:{1 5 [../pg-metamorphosis.txt] 10 1 1 success}
0 Result   args:{0 5 [mr-tmp-0-5-0 mr-tmp-0-5-1 mr-tmp-0-5-2 mr-tmp-0-5-3 mr-tmp-0-5-4 mr-tmp-0-5-5 mr-tmp-0-5-6 mr-tmp-0-5-7 mr-tmp-0-5-8 mr-tmp-0-5-9] 1}  reply:{1 1 success}
0 RequestTask   args:{0}  reply:{1 6 [../pg-sherlock_holmes.txt] 10 1 1 success}
1 Result   args:{1 4 [mr-tmp-1-4-0 mr-tmp-1-4-1 mr-tmp-1-4-2 mr-tmp-1-4-3 mr-tmp-1-4-4 mr-tmp-1-4-5 mr-tmp-1-4-6 mr-tmp-1-4-7 mr-tmp-1-4-8 mr-tmp-1-4-9] 1}  reply:{1 1 success}
1 RequestTask   args:{1}  reply:{1 7 [../pg-tom_sawyer.txt] 10 1 1 success}
0 Result   args:{0 6 [mr-tmp-0-6-0 mr-tmp-0-6-1 mr-tmp-0-6-2 mr-tmp-0-6-3 mr-tmp-0-6-4 mr-tmp-0-6-5 mr-tmp-0-6-6 mr-tmp-0-6-7 mr-tmp-0-6-8 mr-tmp-0-6-9] 1}  reply:{1 1 success}
0 RequestTask   args:{0}  reply:{2 0 [] 0 0 1 success}
1 Result   args:{1 7 [mr-tmp-1-7-0 mr-tmp-1-7-1 mr-tmp-1-7-2 mr-tmp-1-7-3 mr-tmp-1-7-4 mr-tmp-1-7-5 mr-tmp-1-7-6 mr-tmp-1-7-7 mr-tmp-1-7-8 mr-tmp-1-7-9] 1}  reply:{1 1 success}
1 RequestTask   args:{1}  reply:{1 0 [mr-tmp-1-0-0 mr-tmp-0-1-0 mr-tmp-1-2-0 mr-tmp-0-3-0 mr-tmp-0-5-0 mr-tmp-1-4-0 mr-tmp-0-6-0 mr-tmp-1-7-0] 10 2 1 success}
1 Result   args:{1 0 [mr-out-0] 2}  reply:{1 1 success}
1 RequestTask   args:{1}  reply:{1 1 [mr-tmp-1-0-1 mr-tmp-0-1-1 mr-tmp-1-2-1 mr-tmp-0-3-1 mr-tmp-0-5-1 mr-tmp-1-4-1 mr-tmp-0-6-1 mr-tmp-1-7-1] 10 2 1 success}
1 Result   args:{1 1 [mr-out-1] 2}  reply:{1 1 success}
1 RequestTask   args:{1}  reply:{1 2 [mr-tmp-1-0-2 mr-tmp-0-1-2 mr-tmp-1-2-2 mr-tmp-0-3-2 mr-tmp-0-5-2 mr-tmp-1-4-2 mr-tmp-0-6-2 mr-tmp-1-7-2] 10 2 1 success}
1 Result   args:{1 2 [mr-out-2] 2}  reply:{1 1 success}
1 RequestTask   args:{1}  reply:{1 3 [mr-tmp-1-0-3 mr-tmp-0-1-3 mr-tmp-1-2-3 mr-tmp-0-3-3 mr-tmp-0-5-3 mr-tmp-1-4-3 mr-tmp-0-6-3 mr-tmp-1-7-3] 10 2 1 success}
1 Result   args:{1 3 [mr-out-3] 2}  reply:{1 1 success}
1 RequestTask   args:{1}  reply:{1 4 [mr-tmp-1-0-4 mr-tmp-0-1-4 mr-tmp-1-2-4 mr-tmp-0-3-4 mr-tmp-0-5-4 mr-tmp-1-4-4 mr-tmp-0-6-4 mr-tmp-1-7-4] 10 2 1 success}
1 Result   args:{1 4 [mr-out-4] 2}  reply:{1 1 success}
1 RequestTask   args:{1}  reply:{1 5 [mr-tmp-1-0-5 mr-tmp-0-1-5 mr-tmp-1-2-5 mr-tmp-0-3-5 mr-tmp-0-5-5 mr-tmp-1-4-5 mr-tmp-0-6-5 mr-tmp-1-7-5] 10 2 1 success}
1 Result   args:{1 5 [mr-out-5] 2}  reply:{1 1 success}
1 RequestTask   args:{1}  reply:{1 6 [mr-tmp-1-0-6 mr-tmp-0-1-6 mr-tmp-1-2-6 mr-tmp-0-3-6 mr-tmp-0-5-6 mr-tmp-1-4-6 mr-tmp-0-6-6 mr-tmp-1-7-6] 10 2 1 success}
1 Result   args:{1 6 [mr-out-6] 2}  reply:{1 1 success}
1 RequestTask   args:{1}  reply:{1 7 [mr-tmp-1-0-7 mr-tmp-0-1-7 mr-tmp-1-2-7 mr-tmp-0-3-7 mr-tmp-0-5-7 mr-tmp-1-4-7 mr-tmp-0-6-7 mr-tmp-1-7-7] 10 2 1 success}
1 Result   args:{1 7 [mr-out-7] 2}  reply:{1 1 success}
1 RequestTask   args:{1}  reply:{1 8 [mr-tmp-1-0-8 mr-tmp-0-1-8 mr-tmp-1-2-8 mr-tmp-0-3-8 mr-tmp-0-5-8 mr-tmp-1-4-8 mr-tmp-0-6-8 mr-tmp-1-7-8] 10 2 1 success}
1 Result   args:{1 8 [mr-out-8] 2}  reply:{1 1 success}
1 RequestTask   args:{1}  reply:{1 9 [mr-tmp-1-0-9 mr-tmp-0-1-9 mr-tmp-1-2-9 mr-tmp-0-3-9 mr-tmp-0-5-9 mr-tmp-1-4-9 mr-tmp-0-6-9 mr-tmp-1-7-9] 10 2 1 success}
1 Result   args:{1 9 [mr-out-9] 2}  reply:{3 1 success}
0 RequestTask   args:{0}  reply:{3 0 [] 0 0 1 success}
--- indexer test: PASS
*** Starting map parallelism test.
RequestWrokerId   args:{}  reply:{0 1 success}
RequestWrokerId   args:{}  reply:{1 1 success}
0 RequestTask   args:{0}  reply:{1 0 [../pg-being_ernest.txt] 10 1 1 success}
1 RequestTask   args:{1}  reply:{1 1 [../pg-dorian_gray.txt] 10 1 1 success}
1 Result   args:{1 1 [mr-tmp-1-1-0 mr-tmp-1-1-1 mr-tmp-1-1-2 mr-tmp-1-1-3 mr-tmp-1-1-4 mr-tmp-1-1-5 mr-tmp-1-1-6 mr-tmp-1-1-7 mr-tmp-1-1-8 mr-tmp-1-1-9] 1}  reply:{1 1 success}
1 RequestTask   args:{1}  reply:{1 0 [../pg-being_ernest.txt] 10 1 1 success}
0 Result   args:{0 0 [mr-tmp-0-0-0 mr-tmp-0-0-1 mr-tmp-0-0-2 mr-tmp-0-0-3 mr-tmp-0-0-4 mr-tmp-0-0-5 mr-tmp-0-0-6 mr-tmp-0-0-7 mr-tmp-0-0-8 mr-tmp-0-0-9] 1}  reply:{1 1 success}
0 RequestTask   args:{0}  reply:{1 2 [../pg-frankenstein.txt] 10 1 1 success}
0 Result   args:{0 2 [mr-tmp-0-2-0 mr-tmp-0-2-1 mr-tmp-0-2-2 mr-tmp-0-2-3 mr-tmp-0-2-4 mr-tmp-0-2-5 mr-tmp-0-2-6 mr-tmp-0-2-7 mr-tmp-0-2-8 mr-tmp-0-2-9] 1}  reply:{1 1 success}
0 RequestTask   args:{0}  reply:{1 3 [../pg-grimm.txt] 10 1 1 success}
1 Result   args:{1 0 [mr-tmp-1-0-0 mr-tmp-1-0-1 mr-tmp-1-0-2 mr-tmp-1-0-3 mr-tmp-1-0-4 mr-tmp-1-0-5 mr-tmp-1-0-6 mr-tmp-1-0-7 mr-tmp-1-0-8 mr-tmp-1-0-9] 1}  reply:{1 1 success}
1 RequestTask   args:{1}  reply:{1 4 [../pg-huckleberry_finn.txt] 10 1 1 success}
0 Result   args:{0 3 [mr-tmp-0-3-0 mr-tmp-0-3-1 mr-tmp-0-3-2 mr-tmp-0-3-3 mr-tmp-0-3-4 mr-tmp-0-3-5 mr-tmp-0-3-6 mr-tmp-0-3-7 mr-tmp-0-3-8 mr-tmp-0-3-9] 1}  reply:{1 1 success}
0 RequestTask   args:{0}  reply:{1 4 [../pg-huckleberry_finn.txt] 10 1 1 success}
1 Result   args:{1 4 [mr-tmp-1-4-0 mr-tmp-1-4-1 mr-tmp-1-4-2 mr-tmp-1-4-3 mr-tmp-1-4-4 mr-tmp-1-4-5 mr-tmp-1-4-6 mr-tmp-1-4-7 mr-tmp-1-4-8 mr-tmp-1-4-9] 1}  reply:{1 1 success}
1 RequestTask   args:{1}  reply:{1 5 [../pg-metamorphosis.txt] 10 1 1 success}
1 Result   args:{1 5 [mr-tmp-1-5-0 mr-tmp-1-5-1 mr-tmp-1-5-2 mr-tmp-1-5-3 mr-tmp-1-5-4 mr-tmp-1-5-5 mr-tmp-1-5-6 mr-tmp-1-5-7 mr-tmp-1-5-8 mr-tmp-1-5-9] 1}  reply:{1 1 success}
1 RequestTask   args:{1}  reply:{1 6 [../pg-sherlock_holmes.txt] 10 1 1 success}
0 Result   args:{0 4 [mr-tmp-0-4-0 mr-tmp-0-4-1 mr-tmp-0-4-2 mr-tmp-0-4-3 mr-tmp-0-4-4 mr-tmp-0-4-5 mr-tmp-0-4-6 mr-tmp-0-4-7 mr-tmp-0-4-8 mr-tmp-0-4-9] 1}  reply:{1 1 success}
0 RequestTask   args:{0}  reply:{1 7 [../pg-tom_sawyer.txt] 10 1 1 success}
1 Result   args:{1 6 [mr-tmp-1-6-0 mr-tmp-1-6-1 mr-tmp-1-6-2 mr-tmp-1-6-3 mr-tmp-1-6-4 mr-tmp-1-6-5 mr-tmp-1-6-6 mr-tmp-1-6-7 mr-tmp-1-6-8 mr-tmp-1-6-9] 1}  reply:{1 1 success}
1 RequestTask   args:{1}  reply:{1 7 [../pg-tom_sawyer.txt] 10 1 1 success}
0 Result   args:{0 7 [mr-tmp-0-7-0 mr-tmp-0-7-1 mr-tmp-0-7-2 mr-tmp-0-7-3 mr-tmp-0-7-4 mr-tmp-0-7-5 mr-tmp-0-7-6 mr-tmp-0-7-7 mr-tmp-0-7-8 mr-tmp-0-7-9] 1}  reply:{1 1 success}
0 RequestTask   args:{0}  reply:{1 0 [mr-tmp-1-1-0 mr-tmp-0-0-0 mr-tmp-0-2-0 mr-tmp-0-3-0 mr-tmp-1-4-0 mr-tmp-1-5-0 mr-tmp-1-6-0 mr-tmp-0-7-0] 10 2 1 success}
0 Result   args:{0 0 [mr-out-0] 2}  reply:{1 1 success}
0 RequestTask   args:{0}  reply:{1 1 [mr-tmp-1-1-1 mr-tmp-0-0-1 mr-tmp-0-2-1 mr-tmp-0-3-1 mr-tmp-1-4-1 mr-tmp-1-5-1 mr-tmp-1-6-1 mr-tmp-0-7-1] 10 2 1 success}
0 Result   args:{0 1 [mr-out-1] 2}  reply:{1 1 success}
0 RequestTask   args:{0}  reply:{1 2 [mr-tmp-1-1-2 mr-tmp-0-0-2 mr-tmp-0-2-2 mr-tmp-0-3-2 mr-tmp-1-4-2 mr-tmp-1-5-2 mr-tmp-1-6-2 mr-tmp-0-7-2] 10 2 1 success}
0 Result   args:{0 2 [mr-out-2] 2}  reply:{1 1 success}
0 RequestTask   args:{0}  reply:{1 3 [mr-tmp-1-1-3 mr-tmp-0-0-3 mr-tmp-0-2-3 mr-tmp-0-3-3 mr-tmp-1-4-3 mr-tmp-1-5-3 mr-tmp-1-6-3 mr-tmp-0-7-3] 10 2 1 success}
0 Result   args:{0 3 [mr-out-3] 2}  reply:{1 1 success}
0 RequestTask   args:{0}  reply:{1 4 [mr-tmp-1-1-4 mr-tmp-0-0-4 mr-tmp-0-2-4 mr-tmp-0-3-4 mr-tmp-1-4-4 mr-tmp-1-5-4 mr-tmp-1-6-4 mr-tmp-0-7-4] 10 2 1 success}
0 Result   args:{0 4 [mr-out-4] 2}  reply:{1 1 success}
0 RequestTask   args:{0}  reply:{1 5 [mr-tmp-1-1-5 mr-tmp-0-0-5 mr-tmp-0-2-5 mr-tmp-0-3-5 mr-tmp-1-4-5 mr-tmp-1-5-5 mr-tmp-1-6-5 mr-tmp-0-7-5] 10 2 1 success}
0 Result   args:{0 5 [mr-out-5] 2}  reply:{1 1 success}
0 RequestTask   args:{0}  reply:{1 6 [mr-tmp-1-1-6 mr-tmp-0-0-6 mr-tmp-0-2-6 mr-tmp-0-3-6 mr-tmp-1-4-6 mr-tmp-1-5-6 mr-tmp-1-6-6 mr-tmp-0-7-6] 10 2 1 success}
0 Result   args:{0 6 [mr-out-6] 2}  reply:{1 1 success}
0 RequestTask   args:{0}  reply:{1 7 [mr-tmp-1-1-7 mr-tmp-0-0-7 mr-tmp-0-2-7 mr-tmp-0-3-7 mr-tmp-1-4-7 mr-tmp-1-5-7 mr-tmp-1-6-7 mr-tmp-0-7-7] 10 2 1 success}
0 Result   args:{0 7 [mr-out-7] 2}  reply:{1 1 success}
0 RequestTask   args:{0}  reply:{1 8 [mr-tmp-1-1-8 mr-tmp-0-0-8 mr-tmp-0-2-8 mr-tmp-0-3-8 mr-tmp-1-4-8 mr-tmp-1-5-8 mr-tmp-1-6-8 mr-tmp-0-7-8] 10 2 1 success}
0 Result   args:{0 8 [mr-out-8] 2}  reply:{1 1 success}
0 RequestTask   args:{0}  reply:{1 9 [mr-tmp-1-1-9 mr-tmp-0-0-9 mr-tmp-0-2-9 mr-tmp-0-3-9 mr-tmp-1-4-9 mr-tmp-1-5-9 mr-tmp-1-6-9 mr-tmp-0-7-9] 10 2 1 success}
0 Result   args:{0 9 [mr-out-9] 2}  reply:{3 1 success}
--- map parallelism test: PASS
1 Result   args:{1 7 [mr-tmp-1-7-0 mr-tmp-1-7-1 mr-tmp-1-7-2 mr-tmp-1-7-3 mr-tmp-1-7-4 mr-tmp-1-7-5 mr-tmp-1-7-6 mr-tmp-1-7-7 mr-tmp-1-7-8 mr-tmp-1-7-9] 1}  reply:{3 1 success}
*** Starting reduce parallelism test.
RequestWrokerId   args:{}  reply:{0 1 success}
RequestWrokerId   args:{}  reply:{1 1 success}
0 RequestTask   args:{0}  reply:{1 0 [../pg-being_ernest.txt] 10 1 1 success}
1 RequestTask   args:{1}  reply:{1 1 [../pg-dorian_gray.txt] 10 1 1 success}
0 Result   args:{0 0 [mr-tmp-0-0-0 mr-tmp-0-0-1 mr-tmp-0-0-2 mr-tmp-0-0-3 mr-tmp-0-0-4 mr-tmp-0-0-5 mr-tmp-0-0-6 mr-tmp-0-0-7 mr-tmp-0-0-8 mr-tmp-0-0-9] 1}  reply:{1 1 success}
0 RequestTask   args:{0}  reply:{1 2 [../pg-frankenstein.txt] 10 1 1 success}
1 Result   args:{1 1 [mr-tmp-1-1-0 mr-tmp-1-1-1 mr-tmp-1-1-2 mr-tmp-1-1-3 mr-tmp-1-1-4 mr-tmp-1-1-5 mr-tmp-1-1-6 mr-tmp-1-1-7 mr-tmp-1-1-8 mr-tmp-1-1-9] 1}  reply:{1 1 success}
1 RequestTask   args:{1}  reply:{1 3 [../pg-grimm.txt] 10 1 1 success}
0 Result   args:{0 2 [mr-tmp-0-2-0 mr-tmp-0-2-1 mr-tmp-0-2-2 mr-tmp-0-2-3 mr-tmp-0-2-4 mr-tmp-0-2-5 mr-tmp-0-2-6 mr-tmp-0-2-7 mr-tmp-0-2-8 mr-tmp-0-2-9] 1}  reply:{1 1 success}
0 RequestTask   args:{0}  reply:{1 4 [../pg-huckleberry_finn.txt] 10 1 1 success}
1 Result   args:{1 3 [mr-tmp-1-3-0 mr-tmp-1-3-1 mr-tmp-1-3-2 mr-tmp-1-3-3 mr-tmp-1-3-4 mr-tmp-1-3-5 mr-tmp-1-3-6 mr-tmp-1-3-7 mr-tmp-1-3-8 mr-tmp-1-3-9] 1}  reply:{1 1 success}
1 RequestTask   args:{1}  reply:{1 5 [../pg-metamorphosis.txt] 10 1 1 success}
0 Result   args:{0 4 [mr-tmp-0-4-0 mr-tmp-0-4-1 mr-tmp-0-4-2 mr-tmp-0-4-3 mr-tmp-0-4-4 mr-tmp-0-4-5 mr-tmp-0-4-6 mr-tmp-0-4-7 mr-tmp-0-4-8 mr-tmp-0-4-9] 1}  reply:{1 1 success}
0 RequestTask   args:{0}  reply:{1 6 [../pg-sherlock_holmes.txt] 10 1 1 success}
1 Result   args:{1 5 [mr-tmp-1-5-0 mr-tmp-1-5-1 mr-tmp-1-5-2 mr-tmp-1-5-3 mr-tmp-1-5-4 mr-tmp-1-5-5 mr-tmp-1-5-6 mr-tmp-1-5-7 mr-tmp-1-5-8 mr-tmp-1-5-9] 1}  reply:{1 1 success}
1 RequestTask   args:{1}  reply:{1 7 [../pg-tom_sawyer.txt] 10 1 1 success}
0 Result   args:{0 6 [mr-tmp-0-6-0 mr-tmp-0-6-1 mr-tmp-0-6-2 mr-tmp-0-6-3 mr-tmp-0-6-4 mr-tmp-0-6-5 mr-tmp-0-6-6 mr-tmp-0-6-7 mr-tmp-0-6-8 mr-tmp-0-6-9] 1}  reply:{1 1 success}
0 RequestTask   args:{0}  reply:{1 0 [mr-tmp-0-0-0 mr-tmp-1-1-0 mr-tmp-0-2-0 mr-tmp-1-3-0 mr-tmp-0-4-0 mr-tmp-1-5-0 mr-tmp-0-6-0 mr-tmp-1-7-0] 10 2 1 success}
1 Result   args:{1 7 [mr-tmp-1-7-0 mr-tmp-1-7-1 mr-tmp-1-7-2 mr-tmp-1-7-3 mr-tmp-1-7-4 mr-tmp-1-7-5 mr-tmp-1-7-6 mr-tmp-1-7-7 mr-tmp-1-7-8 mr-tmp-1-7-9] 1}  reply:{1 1 success}
1 RequestTask   args:{1}  reply:{1 1 [mr-tmp-0-0-1 mr-tmp-1-1-1 mr-tmp-0-2-1 mr-tmp-1-3-1 mr-tmp-0-4-1 mr-tmp-1-5-1 mr-tmp-0-6-1 mr-tmp-1-7-1] 10 2 1 success}
0 Result   args:{0 0 [mr-out-0] 2}  reply:{1 1 success}
1 Result   args:{1 1 [mr-out-1] 2}  reply:{1 1 success}
0 RequestTask   args:{0}  reply:{1 2 [mr-tmp-0-0-2 mr-tmp-1-1-2 mr-tmp-0-2-2 mr-tmp-1-3-2 mr-tmp-0-4-2 mr-tmp-1-5-2 mr-tmp-0-6-2 mr-tmp-1-7-2] 10 2 1 success}
1 RequestTask   args:{1}  reply:{1 3 [mr-tmp-0-0-3 mr-tmp-1-1-3 mr-tmp-0-2-3 mr-tmp-1-3-3 mr-tmp-0-4-3 mr-tmp-1-5-3 mr-tmp-0-6-3 mr-tmp-1-7-3] 10 2 1 success}
0 Result   args:{0 2 [mr-out-2] 2}  reply:{1 1 success}
0 RequestTask   args:{0}  reply:{1 4 [mr-tmp-0-0-4 mr-tmp-1-1-4 mr-tmp-0-2-4 mr-tmp-1-3-4 mr-tmp-0-4-4 mr-tmp-1-5-4 mr-tmp-0-6-4 mr-tmp-1-7-4] 10 2 1 success}
1 Result   args:{1 3 [mr-out-3] 2}  reply:{1 1 success}
1 RequestTask   args:{1}  reply:{1 5 [mr-tmp-0-0-5 mr-tmp-1-1-5 mr-tmp-0-2-5 mr-tmp-1-3-5 mr-tmp-0-4-5 mr-tmp-1-5-5 mr-tmp-0-6-5 mr-tmp-1-7-5] 10 2 1 success}
1 Result   args:{1 5 [mr-out-5] 2}  reply:{1 1 success}
0 Result   args:{0 4 [mr-out-4] 2}  reply:{1 1 success}
1 RequestTask   args:{1}  reply:{1 6 [mr-tmp-0-0-6 mr-tmp-1-1-6 mr-tmp-0-2-6 mr-tmp-1-3-6 mr-tmp-0-4-6 mr-tmp-1-5-6 mr-tmp-0-6-6 mr-tmp-1-7-6] 10 2 1 success}
0 RequestTask   args:{0}  reply:{1 7 [mr-tmp-0-0-7 mr-tmp-1-1-7 mr-tmp-0-2-7 mr-tmp-1-3-7 mr-tmp-0-4-7 mr-tmp-1-5-7 mr-tmp-0-6-7 mr-tmp-1-7-7] 10 2 1 success}
0 Result   args:{0 7 [mr-out-7] 2}  reply:{1 1 success}
0 RequestTask   args:{0}  reply:{1 8 [mr-tmp-0-0-8 mr-tmp-1-1-8 mr-tmp-0-2-8 mr-tmp-1-3-8 mr-tmp-0-4-8 mr-tmp-1-5-8 mr-tmp-0-6-8 mr-tmp-1-7-8] 10 2 1 success}
0 Result   args:{0 8 [mr-out-8] 2}  reply:{1 1 success}
0 RequestTask   args:{0}  reply:{1 9 [mr-tmp-0-0-9 mr-tmp-1-1-9 mr-tmp-0-2-9 mr-tmp-1-3-9 mr-tmp-0-4-9 mr-tmp-1-5-9 mr-tmp-0-6-9 mr-tmp-1-7-9] 10 2 1 success}
1 Result   args:{1 6 [mr-out-6] 2}  reply:{1 1 success}
1 RequestTask   args:{1}  reply:{2 0 [] 0 0 1 success}
0 Result   args:{0 9 [mr-out-9] 2}  reply:{3 1 success}
--- reduce parallelism test: PASS
1 RequestTask   args:{1}  reply:{3 0 [] 0 0 1 success}
*** Starting job count test.
RequestWrokerId   args:{}  reply:{1 1 success}
RequestWrokerId   args:{}  reply:{0 1 success}
1 RequestTask   args:{1}  reply:{1 0 [../pg-being_ernest.txt] 10 1 1 success}
0 RequestTask   args:{0}  reply:{1 1 [../pg-dorian_gray.txt] 10 1 1 success}
0 Result   args:{0 1 [mr-tmp-0-1-0 mr-tmp-0-1-1 mr-tmp-0-1-2 mr-tmp-0-1-3 mr-tmp-0-1-4 mr-tmp-0-1-5 mr-tmp-0-1-6 mr-tmp-0-1-7 mr-tmp-0-1-8 mr-tmp-0-1-9] 1}  reply:{1 1 success}
0 RequestTask   args:{0}  reply:{1 0 [../pg-being_ernest.txt] 10 1 1 success}
1 Result   args:{1 0 [mr-tmp-1-0-0 mr-tmp-1-0-1 mr-tmp-1-0-2 mr-tmp-1-0-3 mr-tmp-1-0-4 mr-tmp-1-0-5 mr-tmp-1-0-6 mr-tmp-1-0-7 mr-tmp-1-0-8 mr-tmp-1-0-9] 1}  reply:{1 1 success}
1 RequestTask   args:{1}  reply:{1 2 [../pg-frankenstein.txt] 10 1 1 success}
0 Result   args:{0 0 [mr-tmp-0-0-0 mr-tmp-0-0-1 mr-tmp-0-0-2 mr-tmp-0-0-3 mr-tmp-0-0-4 mr-tmp-0-0-5 mr-tmp-0-0-6 mr-tmp-0-0-7 mr-tmp-0-0-8 mr-tmp-0-0-9] 1}  reply:{1 1 success}
0 RequestTask   args:{0}  reply:{1 2 [../pg-frankenstein.txt] 10 1 1 success}
1 Result   args:{1 2 [mr-tmp-1-2-0 mr-tmp-1-2-1 mr-tmp-1-2-2 mr-tmp-1-2-3 mr-tmp-1-2-4 mr-tmp-1-2-5 mr-tmp-1-2-6 mr-tmp-1-2-7 mr-tmp-1-2-8 mr-tmp-1-2-9] 1}  reply:{1 1 success}
1 RequestTask   args:{1}  reply:{1 3 [../pg-grimm.txt] 10 1 1 success}
0 Result   args:{0 2 [mr-tmp-0-2-0 mr-tmp-0-2-1 mr-tmp-0-2-2 mr-tmp-0-2-3 mr-tmp-0-2-4 mr-tmp-0-2-5 mr-tmp-0-2-6 mr-tmp-0-2-7 mr-tmp-0-2-8 mr-tmp-0-2-9] 1}  reply:{1 1 success}
0 RequestTask   args:{0}  reply:{1 3 [../pg-grimm.txt] 10 1 1 success}
1 Result   args:{1 3 [mr-tmp-1-3-0 mr-tmp-1-3-1 mr-tmp-1-3-2 mr-tmp-1-3-3 mr-tmp-1-3-4 mr-tmp-1-3-5 mr-tmp-1-3-6 mr-tmp-1-3-7 mr-tmp-1-3-8 mr-tmp-1-3-9] 1}  reply:{1 1 success}
1 RequestTask   args:{1}  reply:{1 4 [../pg-huckleberry_finn.txt] 10 1 1 success}
1 Result   args:{1 4 [mr-tmp-1-4-0 mr-tmp-1-4-1 mr-tmp-1-4-2 mr-tmp-1-4-3 mr-tmp-1-4-4 mr-tmp-1-4-5 mr-tmp-1-4-6 mr-tmp-1-4-7 mr-tmp-1-4-8 mr-tmp-1-4-9] 1}  reply:{1 1 success}
1 RequestTask   args:{1}  reply:{1 5 [../pg-metamorphosis.txt] 10 1 1 success}
0 Result   args:{0 3 [mr-tmp-0-3-0 mr-tmp-0-3-1 mr-tmp-0-3-2 mr-tmp-0-3-3 mr-tmp-0-3-4 mr-tmp-0-3-5 mr-tmp-0-3-6 mr-tmp-0-3-7 mr-tmp-0-3-8 mr-tmp-0-3-9] 1}  reply:{1 1 success}
0 RequestTask   args:{0}  reply:{1 6 [../pg-sherlock_holmes.txt] 10 1 1 success}
1 Result   args:{1 5 [mr-tmp-1-5-0 mr-tmp-1-5-1 mr-tmp-1-5-2 mr-tmp-1-5-3 mr-tmp-1-5-4 mr-tmp-1-5-5 mr-tmp-1-5-6 mr-tmp-1-5-7 mr-tmp-1-5-8 mr-tmp-1-5-9] 1}  reply:{1 1 success}
1 RequestTask   args:{1}  reply:{1 6 [../pg-sherlock_holmes.txt] 10 1 1 success}
0 Result   args:{0 6 [mr-tmp-0-6-0 mr-tmp-0-6-1 mr-tmp-0-6-2 mr-tmp-0-6-3 mr-tmp-0-6-4 mr-tmp-0-6-5 mr-tmp-0-6-6 mr-tmp-0-6-7 mr-tmp-0-6-8 mr-tmp-0-6-9] 1}  reply:{1 1 success}
0 RequestTask   args:{0}  reply:{1 7 [../pg-tom_sawyer.txt] 10 1 1 success}
1 Result   args:{1 6 [mr-tmp-1-6-0 mr-tmp-1-6-1 mr-tmp-1-6-2 mr-tmp-1-6-3 mr-tmp-1-6-4 mr-tmp-1-6-5 mr-tmp-1-6-6 mr-tmp-1-6-7 mr-tmp-1-6-8 mr-tmp-1-6-9] 1}  reply:{1 1 success}
1 RequestTask   args:{1}  reply:{1 7 [../pg-tom_sawyer.txt] 10 1 1 success}
0 Result   args:{0 7 [mr-tmp-0-7-0 mr-tmp-0-7-1 mr-tmp-0-7-2 mr-tmp-0-7-3 mr-tmp-0-7-4 mr-tmp-0-7-5 mr-tmp-0-7-6 mr-tmp-0-7-7 mr-tmp-0-7-8 mr-tmp-0-7-9] 1}  reply:{1 1 success}
0 RequestTask   args:{0}  reply:{1 0 [mr-tmp-0-1-0 mr-tmp-1-0-0 mr-tmp-1-2-0 mr-tmp-1-3-0 mr-tmp-1-4-0 mr-tmp-1-5-0 mr-tmp-0-6-0 mr-tmp-0-7-0] 10 2 1 success}
0 Result   args:{0 0 [mr-out-0] 2}  reply:{1 1 success}
0 RequestTask   args:{0}  reply:{1 1 [mr-tmp-0-1-1 mr-tmp-1-0-1 mr-tmp-1-2-1 mr-tmp-1-3-1 mr-tmp-1-4-1 mr-tmp-1-5-1 mr-tmp-0-6-1 mr-tmp-0-7-1] 10 2 1 success}
0 Result   args:{0 1 [mr-out-1] 2}  reply:{1 1 success}
0 RequestTask   args:{0}  reply:{1 2 [mr-tmp-0-1-2 mr-tmp-1-0-2 mr-tmp-1-2-2 mr-tmp-1-3-2 mr-tmp-1-4-2 mr-tmp-1-5-2 mr-tmp-0-6-2 mr-tmp-0-7-2] 10 2 1 success}
0 Result   args:{0 2 [mr-out-2] 2}  reply:{1 1 success}
0 RequestTask   args:{0}  reply:{1 3 [mr-tmp-0-1-3 mr-tmp-1-0-3 mr-tmp-1-2-3 mr-tmp-1-3-3 mr-tmp-1-4-3 mr-tmp-1-5-3 mr-tmp-0-6-3 mr-tmp-0-7-3] 10 2 1 success}
0 Result   args:{0 3 [mr-out-3] 2}  reply:{1 1 success}
0 RequestTask   args:{0}  reply:{1 4 [mr-tmp-0-1-4 mr-tmp-1-0-4 mr-tmp-1-2-4 mr-tmp-1-3-4 mr-tmp-1-4-4 mr-tmp-1-5-4 mr-tmp-0-6-4 mr-tmp-0-7-4] 10 2 1 success}
0 Result   args:{0 4 [mr-out-4] 2}  reply:{1 1 success}
0 RequestTask   args:{0}  reply:{1 5 [mr-tmp-0-1-5 mr-tmp-1-0-5 mr-tmp-1-2-5 mr-tmp-1-3-5 mr-tmp-1-4-5 mr-tmp-1-5-5 mr-tmp-0-6-5 mr-tmp-0-7-5] 10 2 1 success}
0 Result   args:{0 5 [mr-out-5] 2}  reply:{1 1 success}
0 RequestTask   args:{0}  reply:{1 6 [mr-tmp-0-1-6 mr-tmp-1-0-6 mr-tmp-1-2-6 mr-tmp-1-3-6 mr-tmp-1-4-6 mr-tmp-1-5-6 mr-tmp-0-6-6 mr-tmp-0-7-6] 10 2 1 success}
0 Result   args:{0 6 [mr-out-6] 2}  reply:{1 1 success}
0 RequestTask   args:{0}  reply:{1 7 [mr-tmp-0-1-7 mr-tmp-1-0-7 mr-tmp-1-2-7 mr-tmp-1-3-7 mr-tmp-1-4-7 mr-tmp-1-5-7 mr-tmp-0-6-7 mr-tmp-0-7-7] 10 2 1 success}
0 Result   args:{0 7 [mr-out-7] 2}  reply:{1 1 success}
0 RequestTask   args:{0}  reply:{1 8 [mr-tmp-0-1-8 mr-tmp-1-0-8 mr-tmp-1-2-8 mr-tmp-1-3-8 mr-tmp-1-4-8 mr-tmp-1-5-8 mr-tmp-0-6-8 mr-tmp-0-7-8] 10 2 1 success}
0 Result   args:{0 8 [mr-out-8] 2}  reply:{1 1 success}
0 RequestTask   args:{0}  reply:{1 9 [mr-tmp-0-1-9 mr-tmp-1-0-9 mr-tmp-1-2-9 mr-tmp-1-3-9 mr-tmp-1-4-9 mr-tmp-1-5-9 mr-tmp-0-6-9 mr-tmp-0-7-9] 10 2 1 success}
0 Result   args:{0 9 [mr-out-9] 2}  reply:{3 1 success}
RequestWrokerId   args:{}  reply:{3 1 success}
RequestWrokerId   args:{}  reply:{2 1 success}
3 RequestTask   args:{3}  reply:{3 0 [] 0 0 1 success}
2 RequestTask   args:{2}  reply:{3 0 [] 0 0 1 success}
--- map jobs ran incorrect number of times (13 != 8)
--- job count test: FAIL
*** Starting early exit test.
RequestWrokerId   args:{}  reply:{2 1 success}
RequestWrokerId   args:{}  reply:{1 1 success}
RequestWrokerId   args:{}  reply:{0 1 success}
0 RequestTask   args:{0}  reply:{1 0 [../pg-being_ernest.txt] 10 1 1 success}
1 RequestTask   args:{1}  reply:{1 2 [../pg-frankenstein.txt] 10 1 1 success}
2 RequestTask   args:{2}  reply:{1 1 [../pg-dorian_gray.txt] 10 1 1 success}
0 Result   args:{0 0 [mr-tmp-0-0-0 mr-tmp-0-0-1 mr-tmp-0-0-2 mr-tmp-0-0-3 mr-tmp-0-0-4 mr-tmp-0-0-5 mr-tmp-0-0-6 mr-tmp-0-0-7 mr-tmp-0-0-8 mr-tmp-0-0-9] 1}  reply:{1 1 success}
0 RequestTask   args:{0}  reply:{1 3 [../pg-grimm.txt] 10 1 1 success}
1 Result   args:{1 2 [mr-tmp-1-2-0 mr-tmp-1-2-1 mr-tmp-1-2-2 mr-tmp-1-2-3 mr-tmp-1-2-4 mr-tmp-1-2-5 mr-tmp-1-2-6 mr-tmp-1-2-7 mr-tmp-1-2-8 mr-tmp-1-2-9] 1}  reply:{1 1 success}
2 Result   args:{2 1 [mr-tmp-2-1-0 mr-tmp-2-1-1 mr-tmp-2-1-2 mr-tmp-2-1-3 mr-tmp-2-1-4 mr-tmp-2-1-5 mr-tmp-2-1-6 mr-tmp-2-1-7 mr-tmp-2-1-8 mr-tmp-2-1-9] 1}  reply:{1 1 success}
1 RequestTask   args:{1}  reply:{1 4 [../pg-huckleberry_finn.txt] 10 1 1 success}
2 RequestTask   args:{2}  reply:{1 5 [../pg-metamorphosis.txt] 10 1 1 success}
2 Result   args:{2 5 [mr-tmp-2-5-0 mr-tmp-2-5-1 mr-tmp-2-5-2 mr-tmp-2-5-3 mr-tmp-2-5-4 mr-tmp-2-5-5 mr-tmp-2-5-6 mr-tmp-2-5-7 mr-tmp-2-5-8 mr-tmp-2-5-9] 1}  reply:{1 1 success}
2 RequestTask   args:{2}  reply:{1 6 [../pg-sherlock_holmes.txt] 10 1 1 success}
1 Result   args:{1 4 [mr-tmp-1-4-0 mr-tmp-1-4-1 mr-tmp-1-4-2 mr-tmp-1-4-3 mr-tmp-1-4-4 mr-tmp-1-4-5 mr-tmp-1-4-6 mr-tmp-1-4-7 mr-tmp-1-4-8 mr-tmp-1-4-9] 1}  reply:{1 1 success}
0 Result   args:{0 3 [mr-tmp-0-3-0 mr-tmp-0-3-1 mr-tmp-0-3-2 mr-tmp-0-3-3 mr-tmp-0-3-4 mr-tmp-0-3-5 mr-tmp-0-3-6 mr-tmp-0-3-7 mr-tmp-0-3-8 mr-tmp-0-3-9] 1}  reply:{1 1 success}
0 RequestTask   args:{0}  reply:{1 7 [../pg-tom_sawyer.txt] 10 1 1 success}
1 RequestTask   args:{1}  reply:{2 0 [] 0 0 1 success}
2 Result   args:{2 6 [mr-tmp-2-6-0 mr-tmp-2-6-1 mr-tmp-2-6-2 mr-tmp-2-6-3 mr-tmp-2-6-4 mr-tmp-2-6-5 mr-tmp-2-6-6 mr-tmp-2-6-7 mr-tmp-2-6-8 mr-tmp-2-6-9] 1}  reply:{1 1 success}
2 RequestTask   args:{2}  reply:{2 0 [] 0 0 1 success}
0 Result   args:{0 7 [mr-tmp-0-7-0 mr-tmp-0-7-1 mr-tmp-0-7-2 mr-tmp-0-7-3 mr-tmp-0-7-4 mr-tmp-0-7-5 mr-tmp-0-7-6 mr-tmp-0-7-7 mr-tmp-0-7-8 mr-tmp-0-7-9] 1}  reply:{1 1 success}
0 RequestTask   args:{0}  reply:{1 0 [mr-tmp-0-0-0 mr-tmp-1-2-0 mr-tmp-2-1-0 mr-tmp-2-5-0 mr-tmp-1-4-0 mr-tmp-0-3-0 mr-tmp-2-6-0 mr-tmp-0-7-0] 10 2 1 success}
0 Result   args:{0 0 [mr-out-0] 2}  reply:{1 1 success}
0 RequestTask   args:{0}  reply:{1 1 [mr-tmp-0-0-1 mr-tmp-1-2-1 mr-tmp-2-1-1 mr-tmp-2-5-1 mr-tmp-1-4-1 mr-tmp-0-3-1 mr-tmp-2-6-1 mr-tmp-0-7-1] 10 2 1 success}
0 Result   args:{0 1 [mr-out-1] 2}  reply:{1 1 success}
0 RequestTask   args:{0}  reply:{1 2 [mr-tmp-0-0-2 mr-tmp-1-2-2 mr-tmp-2-1-2 mr-tmp-2-5-2 mr-tmp-1-4-2 mr-tmp-0-3-2 mr-tmp-2-6-2 mr-tmp-0-7-2] 10 2 1 success}
1 RequestTask   args:{1}  reply:{1 3 [mr-tmp-0-0-3 mr-tmp-1-2-3 mr-tmp-2-1-3 mr-tmp-2-5-3 mr-tmp-1-4-3 mr-tmp-0-3-3 mr-tmp-2-6-3 mr-tmp-0-7-3] 10 2 1 success}
1 Result   args:{1 3 [mr-out-3] 2}  reply:{1 1 success}
1 RequestTask   args:{1}  reply:{1 4 [mr-tmp-0-0-4 mr-tmp-1-2-4 mr-tmp-2-1-4 mr-tmp-2-5-4 mr-tmp-1-4-4 mr-tmp-0-3-4 mr-tmp-2-6-4 mr-tmp-0-7-4] 10 2 1 success}
1 Result   args:{1 4 [mr-out-4] 2}  reply:{1 1 success}
1 RequestTask   args:{1}  reply:{1 5 [mr-tmp-0-0-5 mr-tmp-1-2-5 mr-tmp-2-1-5 mr-tmp-2-5-5 mr-tmp-1-4-5 mr-tmp-0-3-5 mr-tmp-2-6-5 mr-tmp-0-7-5] 10 2 1 success}
1 Result   args:{1 5 [mr-out-5] 2}  reply:{1 1 success}
1 RequestTask   args:{1}  reply:{1 6 [mr-tmp-0-0-6 mr-tmp-1-2-6 mr-tmp-2-1-6 mr-tmp-2-5-6 mr-tmp-1-4-6 mr-tmp-0-3-6 mr-tmp-2-6-6 mr-tmp-0-7-6] 10 2 1 success}
2 RequestTask   args:{2}  reply:{1 7 [mr-tmp-0-0-7 mr-tmp-1-2-7 mr-tmp-2-1-7 mr-tmp-2-5-7 mr-tmp-1-4-7 mr-tmp-0-3-7 mr-tmp-2-6-7 mr-tmp-0-7-7] 10 2 1 success}
2 Result   args:{2 7 [mr-out-7] 2}  reply:{1 1 success}
2 RequestTask   args:{2}  reply:{1 8 [mr-tmp-0-0-8 mr-tmp-1-2-8 mr-tmp-2-1-8 mr-tmp-2-5-8 mr-tmp-1-4-8 mr-tmp-0-3-8 mr-tmp-2-6-8 mr-tmp-0-7-8] 10 2 1 success}
2 Result   args:{2 8 [mr-out-8] 2}  reply:{1 1 success}
2 RequestTask   args:{2}  reply:{1 9 [mr-tmp-0-0-9 mr-tmp-1-2-9 mr-tmp-2-1-9 mr-tmp-2-5-9 mr-tmp-1-4-9 mr-tmp-0-3-9 mr-tmp-2-6-9 mr-tmp-0-7-9] 10 2 1 success}
2 Result   args:{2 9 [mr-out-9] 2}  reply:{1 1 success}
2 RequestTask   args:{2}  reply:{2 0 [] 0 0 1 success}
2 RequestTask   args:{2}  reply:{2 0 [] 0 0 1 success}
2 RequestTask   args:{2}  reply:{1 2 [mr-tmp-0-0-2 mr-tmp-1-2-2 mr-tmp-2-1-2 mr-tmp-2-5-2 mr-tmp-1-4-2 mr-tmp-0-3-2 mr-tmp-2-6-2 mr-tmp-0-7-2] 10 2 1 success}
0 Result   args:{0 2 [mr-out-2] 2}  reply:{1 1 success}
0 RequestTask   args:{0}  reply:{1 6 [mr-tmp-0-0-6 mr-tmp-1-2-6 mr-tmp-2-1-6 mr-tmp-2-5-6 mr-tmp-1-4-6 mr-tmp-0-3-6 mr-tmp-2-6-6 mr-tmp-0-7-6] 10 2 1 success}
1 Result   args:{1 6 [mr-out-6] 2}  reply:{3 1 success}
--- early exit test: PASS
*** Starting crash test.
RequestWrokerId   args:{}  reply:{1 1 success}
RequestWrokerId   args:{}  reply:{2 1 success}
RequestWrokerId   args:{}  reply:{0 1 success}
RequestWrokerId   args:{}  reply:{3 1 success}
0 RequestTask   args:{0}  reply:{1 0 [../pg-being_ernest.txt] 10 1 1 success}
2 RequestTask   args:{2}  reply:{1 1 [../pg-dorian_gray.txt] 10 1 1 success}
1 RequestTask   args:{1}  reply:{1 2 [../pg-frankenstein.txt] 10 1 1 success}
3 RequestTask   args:{3}  reply:{1 3 [../pg-grimm.txt] 10 1 1 success}
0 Result   args:{0 0 [mr-tmp-0-0-0 mr-tmp-0-0-1 mr-tmp-0-0-2 mr-tmp-0-0-3 mr-tmp-0-0-4 mr-tmp-0-0-5 mr-tmp-0-0-6 mr-tmp-0-0-7 mr-tmp-0-0-8 mr-tmp-0-0-9] 1}  reply:{1 1 success}
0 RequestTask   args:{0}  reply:{1 4 [../pg-huckleberry_finn.txt] 10 1 1 success}
3 Result   args:{3 3 [mr-tmp-3-3-0 mr-tmp-3-3-1 mr-tmp-3-3-2 mr-tmp-3-3-3 mr-tmp-3-3-4 mr-tmp-3-3-5 mr-tmp-3-3-6 mr-tmp-3-3-7 mr-tmp-3-3-8 mr-tmp-3-3-9] 1}  reply:{1 1 success}
3 RequestTask   args:{3}  reply:{1 5 [../pg-metamorphosis.txt] 10 1 1 success}
RequestWrokerId   args:{}  reply:{4 1 success}
4 RequestTask   args:{4}  reply:{1 1 [../pg-dorian_gray.txt] 10 1 1 success}
4 Result   args:{4 1 [mr-tmp-4-1-0 mr-tmp-4-1-1 mr-tmp-4-1-2 mr-tmp-4-1-3 mr-tmp-4-1-4 mr-tmp-4-1-5 mr-tmp-4-1-6 mr-tmp-4-1-7 mr-tmp-4-1-8 mr-tmp-4-1-9] 1}  reply:{1 1 success}
4 RequestTask   args:{4}  reply:{1 2 [../pg-frankenstein.txt] 10 1 1 success}
4 Result   args:{4 2 [mr-tmp-4-2-0 mr-tmp-4-2-1 mr-tmp-4-2-2 mr-tmp-4-2-3 mr-tmp-4-2-4 mr-tmp-4-2-5 mr-tmp-4-2-6 mr-tmp-4-2-7 mr-tmp-4-2-8 mr-tmp-4-2-9] 1}  reply:{1 1 success}
4 RequestTask   args:{4}  reply:{1 4 [../pg-huckleberry_finn.txt] 10 1 1 success}
4 Result   args:{4 4 [mr-tmp-4-4-0 mr-tmp-4-4-1 mr-tmp-4-4-2 mr-tmp-4-4-3 mr-tmp-4-4-4 mr-tmp-4-4-5 mr-tmp-4-4-6 mr-tmp-4-4-7 mr-tmp-4-4-8 mr-tmp-4-4-9] 1}  reply:{1 1 success}
4 RequestTask   args:{4}  reply:{1 5 [../pg-metamorphosis.txt] 10 1 1 success}
RequestWrokerId   args:{}  reply:{5 1 success}
5 RequestTask   args:{5}  reply:{1 5 [../pg-metamorphosis.txt] 10 1 1 success}
1 Result   args:{1 2 [mr-tmp-1-2-0 mr-tmp-1-2-1 mr-tmp-1-2-2 mr-tmp-1-2-3 mr-tmp-1-2-4 mr-tmp-1-2-5 mr-tmp-1-2-6 mr-tmp-1-2-7 mr-tmp-1-2-8 mr-tmp-1-2-9] 1}  reply:{1 1 success}
1 RequestTask   args:{1}  reply:{1 6 [../pg-sherlock_holmes.txt] 10 1 1 success}
0 Result   args:{0 4 [mr-tmp-0-4-0 mr-tmp-0-4-1 mr-tmp-0-4-2 mr-tmp-0-4-3 mr-tmp-0-4-4 mr-tmp-0-4-5 mr-tmp-0-4-6 mr-tmp-0-4-7 mr-tmp-0-4-8 mr-tmp-0-4-9] 1}  reply:{1 1 success}
0 RequestTask   args:{0}  reply:{1 5 [../pg-metamorphosis.txt] 10 1 1 success}
0 Result   args:{0 5 [mr-tmp-0-5-0 mr-tmp-0-5-1 mr-tmp-0-5-2 mr-tmp-0-5-3 mr-tmp-0-5-4 mr-tmp-0-5-5 mr-tmp-0-5-6 mr-tmp-0-5-7 mr-tmp-0-5-8 mr-tmp-0-5-9] 1}  reply:{1 1 success}
0 RequestTask   args:{0}  reply:{1 6 [../pg-sherlock_holmes.txt] 10 1 1 success}
0 Result   args:{0 6 [mr-tmp-0-6-0 mr-tmp-0-6-1 mr-tmp-0-6-2 mr-tmp-0-6-3 mr-tmp-0-6-4 mr-tmp-0-6-5 mr-tmp-0-6-6 mr-tmp-0-6-7 mr-tmp-0-6-8 mr-tmp-0-6-9] 1}  reply:{1 1 success}
0 RequestTask   args:{0}  reply:{1 7 [../pg-tom_sawyer.txt] 10 1 1 success}
0 Result   args:{0 7 [mr-tmp-0-7-0 mr-tmp-0-7-1 mr-tmp-0-7-2 mr-tmp-0-7-3 mr-tmp-0-7-4 mr-tmp-0-7-5 mr-tmp-0-7-6 mr-tmp-0-7-7 mr-tmp-0-7-8 mr-tmp-0-7-9] 1}  reply:{1 1 success}
0 RequestTask   args:{0}  reply:{1 0 [mr-tmp-0-0-0 mr-tmp-3-3-0 mr-tmp-4-1-0 mr-tmp-4-2-0 mr-tmp-4-4-0 mr-tmp-0-5-0 mr-tmp-0-6-0 mr-tmp-0-7-0] 10 2 1 success}
0 Result   args:{0 0 [mr-out-0] 2}  reply:{1 1 success}
0 RequestTask   args:{0}  reply:{1 1 [mr-tmp-0-0-1 mr-tmp-3-3-1 mr-tmp-4-1-1 mr-tmp-4-2-1 mr-tmp-4-4-1 mr-tmp-0-5-1 mr-tmp-0-6-1 mr-tmp-0-7-1] 10 2 1 success}
0 Result   args:{0 1 [mr-out-1] 2}  reply:{1 1 success}
0 RequestTask   args:{0}  reply:{1 2 [mr-tmp-0-0-2 mr-tmp-3-3-2 mr-tmp-4-1-2 mr-tmp-4-2-2 mr-tmp-4-4-2 mr-tmp-0-5-2 mr-tmp-0-6-2 mr-tmp-0-7-2] 10 2 1 success}
RequestWrokerId   args:{}  reply:{6 1 success}
6 RequestTask   args:{6}  reply:{1 3 [mr-tmp-0-0-3 mr-tmp-3-3-3 mr-tmp-4-1-3 mr-tmp-4-2-3 mr-tmp-4-4-3 mr-tmp-0-5-3 mr-tmp-0-6-3 mr-tmp-0-7-3] 10 2 1 success}
6 Result   args:{6 3 [mr-out-3] 2}  reply:{1 1 success}
6 RequestTask   args:{6}  reply:{1 4 [mr-tmp-0-0-4 mr-tmp-3-3-4 mr-tmp-4-1-4 mr-tmp-4-2-4 mr-tmp-4-4-4 mr-tmp-0-5-4 mr-tmp-0-6-4 mr-tmp-0-7-4] 10 2 1 success}
6 Result   args:{6 4 [mr-out-4] 2}  reply:{1 1 success}
6 RequestTask   args:{6}  reply:{1 5 [mr-tmp-0-0-5 mr-tmp-3-3-5 mr-tmp-4-1-5 mr-tmp-4-2-5 mr-tmp-4-4-5 mr-tmp-0-5-5 mr-tmp-0-6-5 mr-tmp-0-7-5] 10 2 1 success}
RequestWrokerId   args:{}  reply:{7 1 success}
7 RequestTask   args:{7}  reply:{1 2 [mr-tmp-0-0-2 mr-tmp-3-3-2 mr-tmp-4-1-2 mr-tmp-4-2-2 mr-tmp-4-4-2 mr-tmp-0-5-2 mr-tmp-0-6-2 mr-tmp-0-7-2] 10 2 1 success}
RequestWrokerId   args:{}  reply:{8 1 success}
8 RequestTask   args:{8}  reply:{1 5 [mr-tmp-0-0-5 mr-tmp-3-3-5 mr-tmp-4-1-5 mr-tmp-4-2-5 mr-tmp-4-4-5 mr-tmp-0-5-5 mr-tmp-0-6-5 mr-tmp-0-7-5] 10 2 1 success}
5 Result   args:{5 5 [mr-tmp-5-5-0 mr-tmp-5-5-1 mr-tmp-5-5-2 mr-tmp-5-5-3 mr-tmp-5-5-4 mr-tmp-5-5-5 mr-tmp-5-5-6 mr-tmp-5-5-7 mr-tmp-5-5-8 mr-tmp-5-5-9] 1}  reply:{1 1 success}
5 RequestTask   args:{5}  reply:{1 6 [mr-tmp-0-0-6 mr-tmp-3-3-6 mr-tmp-4-1-6 mr-tmp-4-2-6 mr-tmp-4-4-6 mr-tmp-0-5-6 mr-tmp-0-6-6 mr-tmp-0-7-6] 10 2 1 success}
5 Result   args:{5 6 [mr-out-6] 2}  reply:{1 1 success}
5 RequestTask   args:{5}  reply:{1 7 [mr-tmp-0-0-7 mr-tmp-3-3-7 mr-tmp-4-1-7 mr-tmp-4-2-7 mr-tmp-4-4-7 mr-tmp-0-5-7 mr-tmp-0-6-7 mr-tmp-0-7-7] 10 2 1 success}
5 Result   args:{5 7 [mr-out-7] 2}  reply:{1 1 success}
5 RequestTask   args:{5}  reply:{1 8 [mr-tmp-0-0-8 mr-tmp-3-3-8 mr-tmp-4-1-8 mr-tmp-4-2-8 mr-tmp-4-4-8 mr-tmp-0-5-8 mr-tmp-0-6-8 mr-tmp-0-7-8] 10 2 1 success}
5 Result   args:{5 8 [mr-out-8] 2}  reply:{1 1 success}
5 RequestTask   args:{5}  reply:{1 9 [mr-tmp-0-0-9 mr-tmp-3-3-9 mr-tmp-4-1-9 mr-tmp-4-2-9 mr-tmp-4-4-9 mr-tmp-0-5-9 mr-tmp-0-6-9 mr-tmp-0-7-9] 10 2 1 success}
1 Result   args:{1 6 [mr-tmp-1-6-0 mr-tmp-1-6-1 mr-tmp-1-6-2 mr-tmp-1-6-3 mr-tmp-1-6-4 mr-tmp-1-6-5 mr-tmp-1-6-6 mr-tmp-1-6-7 mr-tmp-1-6-8 mr-tmp-1-6-9] 1}  reply:{1 1 success}
1 RequestTask   args:{1}  reply:{2 0 [] 0 0 1 success}
RequestWrokerId   args:{}  reply:{9 1 success}
9 RequestTask   args:{9}  reply:{1 2 [mr-tmp-0-0-2 mr-tmp-3-3-2 mr-tmp-4-1-2 mr-tmp-4-2-2 mr-tmp-4-4-2 mr-tmp-0-5-2 mr-tmp-0-6-2 mr-tmp-0-7-2] 10 2 1 success}
RequestWrokerId   args:{}  reply:{10 1 success}
10 RequestTask   args:{10}  reply:{2 0 [] 0 0 1 success}
1 RequestTask   args:{1}  reply:{2 0 [] 0 0 1 success}
10 RequestTask   args:{10}  reply:{1 5 [mr-tmp-0-0-5 mr-tmp-3-3-5 mr-tmp-4-1-5 mr-tmp-4-2-5 mr-tmp-4-4-5 mr-tmp-0-5-5 mr-tmp-0-6-5 mr-tmp-0-7-5] 10 2 1 success}
1 RequestTask   args:{1}  reply:{1 9 [mr-tmp-0-0-9 mr-tmp-3-3-9 mr-tmp-4-1-9 mr-tmp-4-2-9 mr-tmp-4-4-9 mr-tmp-0-5-9 mr-tmp-0-6-9 mr-tmp-0-7-9] 10 2 1 success}
RequestWrokerId   args:{}  reply:{11 1 success}
11 RequestTask   args:{11}  reply:{1 2 [mr-tmp-0-0-2 mr-tmp-3-3-2 mr-tmp-4-1-2 mr-tmp-4-2-2 mr-tmp-4-4-2 mr-tmp-0-5-2 mr-tmp-0-6-2 mr-tmp-0-7-2] 10 2 1 success}
RequestWrokerId   args:{}  reply:{12 1 success}
12 RequestTask   args:{12}  reply:{2 0 [] 0 0 1 success}
11 Result   args:{11 2 [mr-out-2] 2}  reply:{1 1 success}
11 RequestTask   args:{11}  reply:{1 5 [mr-tmp-0-0-5 mr-tmp-3-3-5 mr-tmp-4-1-5 mr-tmp-4-2-5 mr-tmp-4-4-5 mr-tmp-0-5-5 mr-tmp-0-6-5 mr-tmp-0-7-5] 10 2 1 success}
11 Result   args:{11 5 [mr-out-5] 2}  reply:{1 1 success}
11 RequestTask   args:{11}  reply:{2 0 [] 0 0 1 success}
12 RequestTask   args:{12}  reply:{1 9 [mr-tmp-0-0-9 mr-tmp-3-3-9 mr-tmp-4-1-9 mr-tmp-4-2-9 mr-tmp-4-4-9 mr-tmp-0-5-9 mr-tmp-0-6-9 mr-tmp-0-7-9] 10 2 1 success}
11 RequestTask   args:{11}  reply:{2 0 [] 0 0 1 success}
11 RequestTask   args:{11}  reply:{2 0 [] 0 0 1 success}
9 Result   args:{9 2 [mr-out-2] 2}  reply:{1 1 success}
9 RequestTask   args:{9}  reply:{2 0 [] 0 0 1 success}
11 RequestTask   args:{11}  reply:{1 9 [mr-tmp-0-0-9 mr-tmp-3-3-9 mr-tmp-4-1-9 mr-tmp-4-2-9 mr-tmp-4-4-9 mr-tmp-0-5-9 mr-tmp-0-6-9 mr-tmp-0-7-9] 10 2 1 success}
9 RequestTask   args:{9}  reply:{2 0 [] 0 0 1 success}
9 RequestTask   args:{9}  reply:{2 0 [] 0 0 1 success}
9 RequestTask   args:{9}  reply:{1 9 [mr-tmp-0-0-9 mr-tmp-3-3-9 mr-tmp-4-1-9 mr-tmp-4-2-9 mr-tmp-4-4-9 mr-tmp-0-5-9 mr-tmp-0-6-9 mr-tmp-0-7-9] 10 2 1 success}
11 Result   args:{11 9 [mr-out-9] 2}  reply:{3 1 success}
RequestWrokerId   args:{}  reply:{13 1 success}
13 RequestTask   args:{13}  reply:{3 0 [] 0 0 1 success}
--- crash test: PASS
*** FAILED SOME TESTS
